2022-10-15 17:18:02.999 | INFO     | utils.misc.logger:<module>:5 - START LOGGER
2022-10-15 17:18:38.429 | INFO     | utils.misc.logger:<module>:5 - START LOGGER
2022-10-15 17:18:43.540 | INFO     | utils.misc.logger:<module>:5 - START LOGGER
2022-10-15 17:18:48.857 | INFO     | utils.misc.logger:<module>:5 - START LOGGER
2022-10-15 17:23:04.192 | INFO     | utils.misc.logger:<module>:5 - START LOGGER
2022-10-15 17:23:38.024 | INFO     | utils.misc.logger:<module>:5 - START LOGGER
2022-10-15 17:25:56.754 | INFO     | utils.misc.logger:<module>:5 - START LOGGER
2022-10-15 17:26:46.075 | INFO     | utils.misc.logger:<module>:5 - START LOGGER
2022-10-15 17:28:14.078 | INFO     | utils.misc.logger:<module>:5 - START LOGGER
2022-10-15 17:30:10.112 | INFO     | utils.misc.logger:<module>:5 - START LOGGER
2022-10-15 18:04:50.485 | INFO     | utils.misc.logger:<module>:5 - START LOGGER
2022-10-15 18:05:49.967 | INFO     | utils.misc.logger:<module>:5 - START LOGGER
2022-10-15 18:07:32.730 | INFO     | utils.misc.logger:<module>:5 - START LOGGER
2022-10-15 18:09:01.739 | INFO     | utils.misc.logger:<module>:5 - START LOGGER
2022-10-15 18:12:21.559 | INFO     | utils.misc.logger:<module>:5 - START LOGGER
2022-10-15 18:15:01.552 | INFO     | utils.misc.logger:<module>:5 - START LOGGER
2022-10-15 18:17:09.195 | INFO     | utils.misc.logger:<module>:5 - START LOGGER
2022-10-15 18:20:32.870 | INFO     | utils.misc.logger:<module>:5 - START LOGGER
2022-10-15 18:21:13.277 | INFO     | utils.misc.logger:<module>:5 - START LOGGER
2022-10-15 18:21:31.054 | INFO     | utils.misc.logger:<module>:5 - START LOGGER
2022-10-15 18:21:41.342 | INFO     | utils.misc.logger:<module>:5 - START LOGGER
2022-10-15 18:21:47.197 | INFO     | utils.misc.logger:<module>:5 - START LOGGER
2022-10-15 18:22:50.991 | INFO     | utils.misc.logger:<module>:5 - START LOGGER
2022-10-15 18:48:14.096 | INFO     | utils.misc.logger:<module>:5 - START LOGGER
2022-10-15 18:50:57.108 | INFO     | utils.misc.logger:<module>:5 - START LOGGER
2022-10-15 18:52:08.445 | INFO     | utils.misc.logger:<module>:5 - START LOGGER
2022-10-15 18:53:51.934 | INFO     | utils.misc.logger:<module>:5 - START LOGGER
2022-10-15 18:54:50.237 | INFO     | utils.misc.logger:<module>:5 - START LOGGER
2022-10-15 18:55:40.806 | INFO     | utils.misc.logger:<module>:5 - START LOGGER
2022-10-15 18:56:29.279 | INFO     | utils.misc.logger:<module>:5 - START LOGGER
2022-10-15 18:56:57.903 | INFO     | utils.misc.logger:<module>:5 - START LOGGER
2022-10-15 21:21:18.511 | INFO     | utils.misc.logger:<module>:5 - START LOGGER
2022-10-15 21:26:33.552 | INFO     | utils.misc.logger:<module>:5 - START LOGGER
2022-10-15 21:27:24.537 | INFO     | utils.misc.logger:<module>:5 - START LOGGER
2022-10-15 21:29:45.095 | INFO     | utils.misc.logger:<module>:5 - START LOGGER
2022-10-15 21:30:11.596 | INFO     | utils.misc.logger:<module>:5 - START LOGGER
2022-10-15 21:33:19.232 | INFO     | utils.misc.logger:<module>:5 - START LOGGER
2022-10-15 21:38:39.627 | INFO     | utils.misc.logger:<module>:5 - START LOGGER
2022-10-15 21:40:06.351 | INFO     | utils.misc.logger:<module>:5 - START LOGGER
2022-10-15 21:40:15.573 | INFO     | utils.misc.logger:<module>:5 - START LOGGER
2022-10-15 21:40:49.406 | INFO     | utils.misc.logger:<module>:5 - START LOGGER
2022-10-15 21:44:46.940 | INFO     | utils.misc.logger:<module>:5 - START LOGGER
2022-10-15 21:51:55.454 | INFO     | utils.misc.logger:<module>:5 - START LOGGER
2022-10-15 21:53:55.099 | INFO     | utils.misc.logger:<module>:5 - START LOGGER
2022-10-15 21:54:56.439 | INFO     | utils.misc.logger:<module>:5 - START LOGGER
2022-10-20 16:40:44.157 | INFO     | utils.misc.logger:<module>:5 - START LOGGER
2022-10-20 16:42:26.171 | INFO     | utils.misc.logger:<module>:5 - START LOGGER
2022-10-20 16:44:39.332 | INFO     | utils.misc.logger:<module>:5 - START LOGGER
2022-10-20 16:45:21.122 | INFO     | utils.misc.logger:<module>:5 - START LOGGER
2022-10-20 16:45:50.941 | INFO     | utils.misc.logger:<module>:5 - START LOGGER
2022-10-20 16:46:51.492 | INFO     | utils.misc.logger:<module>:5 - START LOGGER
2022-10-20 16:49:38.716 | INFO     | utils.misc.logger:<module>:5 - START LOGGER
2022-10-20 16:51:43.903 | INFO     | utils.misc.logger:<module>:5 - START LOGGER
2022-10-20 16:52:13.783 | INFO     | utils.misc.logger:<module>:5 - START LOGGER
2022-10-20 16:53:09.943 | INFO     | utils.misc.logger:<module>:5 - START LOGGER
2022-10-20 16:53:55.393 | INFO     | utils.misc.logger:<module>:5 - START LOGGER
2022-10-20 16:54:33.489 | INFO     | utils.misc.logger:<module>:5 - START LOGGER
2022-10-20 16:57:09.380 | INFO     | utils.misc.logger:<module>:5 - START LOGGER
2022-10-20 16:57:48.421 | INFO     | utils.misc.logger:<module>:5 - START LOGGER
2022-10-20 17:01:37.777 | INFO     | utils.misc.logger:<module>:5 - START LOGGER
2022-10-20 17:02:36.949 | INFO     | utils.misc.logger:<module>:5 - START LOGGER
2022-10-20 17:03:27.764 | INFO     | utils.misc.logger:<module>:5 - START LOGGER
2022-10-20 17:04:05.480 | INFO     | utils.misc.logger:<module>:5 - START LOGGER
2022-10-20 17:04:33.058 | INFO     | utils.misc.logger:<module>:5 - START LOGGER
2022-10-20 17:05:53.537 | INFO     | utils.misc.logger:<module>:5 - START LOGGER
2022-10-20 17:06:14.953 | INFO     | utils.misc.logger:<module>:5 - START LOGGER
2022-10-20 19:57:52.035 | INFO     | utils.misc.logger:<module>:5 - START LOGGER
2022-10-20 19:58:59.563 | INFO     | utils.misc.logger:<module>:5 - START LOGGER
2022-10-20 20:01:17.202 | INFO     | utils.misc.logger:<module>:5 - START LOGGER
2022-10-20 20:02:29.942 | INFO     | utils.misc.logger:<module>:5 - START LOGGER
2022-10-20 20:07:16.300 | INFO     | utils.misc.logger:<module>:5 - START LOGGER
2022-10-20 20:09:21.290 | INFO     | utils.misc.logger:<module>:5 - START LOGGER
2022-10-20 20:09:44.875 | INFO     | utils.misc.logger:<module>:5 - START LOGGER
2022-10-20 20:10:27.888 | INFO     | utils.misc.logger:<module>:5 - START LOGGER
2022-10-20 20:11:09.765 | INFO     | utils.misc.logger:<module>:5 - START LOGGER
2022-10-20 20:11:52.699 | INFO     | utils.misc.logger:<module>:5 - START LOGGER
2022-10-20 20:13:21.343 | INFO     | utils.misc.logger:<module>:5 - START LOGGER
2022-10-20 20:17:08.190 | INFO     | utils.misc.logger:<module>:5 - START LOGGER
2022-10-20 20:17:41.898 | INFO     | utils.misc.logger:<module>:5 - START LOGGER
2022-10-20 20:20:05.066 | INFO     | utils.misc.logger:<module>:5 - START LOGGER
2022-10-20 20:21:53.424 | INFO     | utils.misc.logger:<module>:5 - START LOGGER
2022-10-20 20:22:46.163 | INFO     | utils.misc.logger:<module>:5 - START LOGGER
2022-10-20 20:23:12.338 | INFO     | utils.misc.logger:<module>:5 - START LOGGER
2022-10-20 20:29:27.671 | INFO     | utils.misc.logger:<module>:5 - START LOGGER
2022-10-20 20:30:01.436 | INFO     | utils.misc.logger:<module>:5 - START LOGGER
2022-10-20 20:30:34.135 | INFO     | utils.misc.logger:<module>:5 - START LOGGER
2022-10-20 20:30:52.984 | INFO     | utils.misc.logger:<module>:5 - START LOGGER
2022-10-20 20:31:26.830 | INFO     | utils.misc.logger:<module>:5 - START LOGGER
2022-10-20 20:51:56.150 | INFO     | utils.misc.logger:<module>:5 - START LOGGER
2022-10-20 20:52:28.538 | INFO     | utils.misc.logger:<module>:5 - START LOGGER
2022-10-20 20:58:10.815 | INFO     | utils.misc.logger:<module>:5 - START LOGGER
2022-10-20 20:59:06.807 | INFO     | utils.misc.logger:<module>:5 - START LOGGER
2022-10-20 20:59:36.488 | INFO     | utils.misc.logger:<module>:5 - START LOGGER
2022-10-20 21:11:23.128 | INFO     | utils.misc.logger:<module>:5 - START LOGGER
2022-10-20 21:13:57.888 | INFO     | utils.misc.logger:<module>:5 - START LOGGER
2022-10-20 21:15:43.786 | INFO     | utils.misc.logger:<module>:5 - START LOGGER
2022-10-20 21:17:38.227 | INFO     | utils.misc.logger:<module>:5 - START LOGGER
2022-10-20 21:18:36.832 | INFO     | utils.misc.logger:<module>:5 - START LOGGER
2022-10-20 21:22:37.983 | INFO     | utils.misc.logger:<module>:5 - START LOGGER
2022-10-20 21:23:24.522 | INFO     | utils.misc.logger:<module>:5 - START LOGGER
2022-10-20 21:23:29.931 | INFO     | utils.misc.logger:<module>:5 - START LOGGER
2022-10-20 21:24:21.879 | INFO     | utils.misc.logger:<module>:5 - START LOGGER
2022-10-20 21:24:53.809 | INFO     | utils.misc.logger:<module>:5 - START LOGGER
2022-10-20 21:26:45.394 | INFO     | utils.misc.logger:<module>:5 - START LOGGER
2022-10-20 21:33:42.801 | INFO     | utils.misc.logger:<module>:5 - START LOGGER
2022-10-20 21:34:29.804 | INFO     | utils.misc.logger:<module>:5 - START LOGGER
2022-10-20 21:36:02.482 | INFO     | utils.misc.logger:<module>:5 - START LOGGER
2022-10-20 21:36:48.167 | INFO     | utils.misc.logger:<module>:5 - START LOGGER
2022-10-20 21:37:47.691 | INFO     | utils.misc.logger:<module>:5 - START LOGGER
2022-10-20 21:38:26.045 | INFO     | utils.misc.logger:<module>:5 - START LOGGER
2022-10-20 21:39:09.980 | INFO     | utils.misc.logger:<module>:5 - START LOGGER
2022-10-20 21:39:57.021 | INFO     | utils.misc.logger:<module>:5 - START LOGGER
2022-10-20 21:41:59.534 | INFO     | utils.misc.logger:<module>:5 - START LOGGER
2022-10-20 21:42:13.809 | INFO     | utils.misc.logger:<module>:5 - START LOGGER
2022-10-20 21:42:34.687 | INFO     | utils.misc.logger:<module>:5 - START LOGGER
2022-10-20 21:42:59.775 | INFO     | utils.misc.logger:<module>:5 - START LOGGER
2022-10-20 21:43:29.448 | INFO     | utils.misc.logger:<module>:5 - START LOGGER
2022-10-20 21:46:30.376 | INFO     | utils.misc.logger:<module>:5 - START LOGGER
2022-10-20 21:49:26.057 | INFO     | utils.misc.logger:<module>:5 - START LOGGER
2022-10-20 21:49:50.754 | INFO     | utils.misc.logger:<module>:5 - START LOGGER
2022-10-20 21:51:04.752 | INFO     | utils.misc.logger:<module>:5 - START LOGGER
2022-10-20 21:52:31.549 | INFO     | utils.misc.logger:<module>:5 - START LOGGER
2022-10-20 21:52:56.699 | INFO     | utils.misc.logger:<module>:5 - START LOGGER
2022-10-20 22:13:14.882 | INFO     | utils.misc.logger:<module>:5 - START LOGGER
2022-10-20 22:15:11.219 | INFO     | utils.misc.logger:<module>:5 - START LOGGER
2022-10-20 22:15:29.580 | INFO     | utils.misc.logger:<module>:5 - START LOGGER
2022-10-20 22:15:52.554 | INFO     | utils.misc.logger:<module>:5 - START LOGGER
2022-10-20 22:16:12.077 | INFO     | utils.misc.logger:<module>:5 - START LOGGER
2022-10-20 22:16:12.653 | ERROR    | handlers.users.start:message_handler:53 - Error Cabinet: 'NoneType' object is not subscriptable
2022-10-20 22:16:12.656 | ERROR    | handlers.users.start:message_handler:53 - Error Cabinet: name 'p' is not defined
2022-10-20 22:16:27.123 | INFO     | utils.misc.logger:<module>:5 - START LOGGER
2022-10-20 22:16:35.845 | ERROR    | handlers.users.start:message_handler:53 - Error Cabinet: module 'data.mes' has no attribute 'cabinet'
2022-10-20 22:16:57.720 | INFO     | utils.misc.logger:<module>:5 - START LOGGER
2022-10-20 22:17:00.710 | ERROR    | handlers.users.start:message_handler:51 - Error Cabinet: module 'data.mes' has no attribute 'cabinet'
2022-10-20 22:17:55.911 | INFO     | utils.misc.logger:<module>:5 - START LOGGER
2022-10-20 22:17:58.432 | ERROR    | handlers.users.start:message_handler:51 - Error Cabinet: 'rating'
2022-10-20 22:18:20.512 | INFO     | utils.misc.logger:<module>:5 - START LOGGER
2022-10-20 22:18:22.612 | ERROR    | handlers.users.start:message_handler:51 - Error Cabinet: Bot.send_photo() missing 1 required positional argument: 'photo'
2022-10-20 22:21:28.993 | INFO     | utils.misc.logger:<module>:5 - START LOGGER
2022-10-20 22:21:32.289 | ERROR    | handlers.users.start:message_handler:51 - Error Cabinet: list index out of range
2022-10-20 22:22:02.418 | INFO     | utils.misc.logger:<module>:5 - START LOGGER
2022-10-21 11:42:04.799 | INFO     | utils.misc.logger:<module>:5 - START LOGGER
2022-10-21 11:47:39.109 | INFO     | utils.misc.logger:<module>:5 - START LOGGER
2022-10-21 12:47:45.264 | INFO     | utils.misc.logger:<module>:5 - START LOGGER
2022-10-21 12:49:14.051 | INFO     | utils.misc.logger:<module>:5 - START LOGGER
2022-10-21 12:54:01.195 | INFO     | utils.misc.logger:<module>:5 - START LOGGER
2022-10-21 12:54:13.193 | INFO     | utils.misc.logger:<module>:5 - START LOGGER
2022-10-21 18:02:52.982 | INFO     | utils.misc.logger:<module>:5 - START LOGGER
2022-10-21 18:05:04.205 | INFO     | utils.misc.logger:<module>:5 - START LOGGER
2022-10-21 18:06:23.334 | INFO     | utils.misc.logger:<module>:5 - START LOGGER
2022-10-21 18:10:53.570 | INFO     | utils.misc.logger:<module>:5 - START LOGGER
2022-10-21 18:11:44.828 | INFO     | utils.misc.logger:<module>:5 - START LOGGER
2022-10-21 18:14:42.178 | INFO     | utils.misc.logger:<module>:5 - START LOGGER
2022-10-21 18:14:46.913 | ERROR    | handlers.users.start:message_handler:51 - Error Cabinet: 'NoneType' object is not subscriptable
2022-10-21 18:14:56.589 | INFO     | utils.misc.logger:<module>:5 - START LOGGER
2022-10-21 18:16:12.069 | INFO     | utils.misc.logger:<module>:5 - START LOGGER
2022-10-21 18:16:32.137 | INFO     | utils.misc.logger:<module>:5 - START LOGGER
2022-10-21 18:20:33.674 | INFO     | utils.misc.logger:<module>:5 - START LOGGER
2022-10-21 18:20:45.751 | ERROR    | handlers.users.start:message_handler:51 - Error Cabinet: 'NoneType' object is not subscriptable
2022-10-21 18:20:50.023 | INFO     | utils.misc.logger:<module>:5 - START LOGGER
2022-10-21 18:21:40.685 | INFO     | utils.misc.logger:<module>:5 - START LOGGER
2022-10-21 18:21:53.866 | INFO     | utils.misc.logger:<module>:5 - START LOGGER
2022-10-21 18:35:53.831 | INFO     | utils.misc.logger:<module>:5 - START LOGGER
2022-10-21 18:43:41.140 | INFO     | utils.misc.logger:<module>:5 - START LOGGER
2022-10-21 18:44:03.550 | INFO     | utils.misc.logger:<module>:5 - START LOGGER
2022-10-21 18:44:26.591 | INFO     | utils.misc.logger:<module>:5 - START LOGGER
2022-10-21 18:44:40.218 | INFO     | utils.misc.logger:<module>:5 - START LOGGER
2022-10-21 18:44:53.921 | INFO     | utils.misc.logger:<module>:5 - START LOGGER
2022-10-21 18:46:13.629 | INFO     | utils.misc.logger:<module>:5 - START LOGGER
2022-10-21 18:47:59.880 | INFO     | utils.misc.logger:<module>:5 - START LOGGER
2022-10-21 18:48:09.695 | INFO     | utils.misc.logger:<module>:5 - START LOGGER
2022-10-21 18:48:49.858 | INFO     | utils.misc.logger:<module>:5 - START LOGGER
2022-10-21 18:49:20.395 | INFO     | utils.misc.logger:<module>:5 - START LOGGER
2022-10-21 18:49:31.388 | INFO     | utils.misc.logger:<module>:5 - START LOGGER
2022-10-21 18:49:40.697 | INFO     | utils.misc.logger:<module>:5 - START LOGGER
2022-10-21 18:50:26.876 | INFO     | utils.misc.logger:<module>:5 - START LOGGER
2022-10-21 18:51:34.906 | INFO     | utils.misc.logger:<module>:5 - START LOGGER
2022-10-21 18:52:09.788 | INFO     | utils.misc.logger:<module>:5 - START LOGGER
2022-10-21 18:53:43.417 | INFO     | utils.misc.logger:<module>:5 - START LOGGER
2022-10-21 18:53:50.504 | INFO     | utils.misc.logger:<module>:5 - START LOGGER
2022-10-21 18:54:43.272 | INFO     | utils.misc.logger:<module>:5 - START LOGGER
2022-10-21 18:57:02.027 | INFO     | utils.misc.logger:<module>:5 - START LOGGER
2022-10-21 18:59:31.842 | INFO     | utils.misc.logger:<module>:5 - START LOGGER
2022-10-21 19:06:04.223 | INFO     | utils.misc.logger:<module>:5 - START LOGGER
2022-10-21 19:06:43.770 | INFO     | utils.misc.logger:<module>:5 - START LOGGER
2022-10-21 19:08:01.653 | INFO     | utils.misc.logger:<module>:5 - START LOGGER
2022-10-21 19:08:46.574 | INFO     | utils.misc.logger:<module>:5 - START LOGGER
2022-10-21 19:09:59.379 | INFO     | utils.misc.logger:<module>:5 - START LOGGER
2022-10-21 19:10:30.607 | INFO     | utils.misc.logger:<module>:5 - START LOGGER
2022-10-21 19:11:43.007 | INFO     | utils.misc.logger:<module>:5 - START LOGGER
2022-10-21 19:12:29.515 | INFO     | utils.misc.logger:<module>:5 - START LOGGER
2022-10-21 19:13:41.666 | INFO     | utils.misc.logger:<module>:5 - START LOGGER
2022-10-21 19:14:13.055 | INFO     | utils.misc.logger:<module>:5 - START LOGGER
2022-10-21 19:19:22.546 | INFO     | utils.misc.logger:<module>:5 - START LOGGER
2022-10-21 19:19:49.825 | INFO     | utils.misc.logger:<module>:5 - START LOGGER
2022-10-21 19:20:14.063 | INFO     | utils.misc.logger:<module>:5 - START LOGGER
2022-10-21 19:20:43.278 | INFO     | utils.misc.logger:<module>:5 - START LOGGER
2022-10-21 19:22:38.005 | INFO     | utils.misc.logger:<module>:5 - START LOGGER
2022-10-21 19:22:42.226 | INFO     | utils.misc.logger:<module>:5 - START LOGGER
2022-10-21 19:25:33.715 | INFO     | utils.misc.logger:<module>:5 - START LOGGER
2022-10-21 19:27:07.640 | INFO     | utils.misc.logger:<module>:5 - START LOGGER
2022-10-21 19:27:38.444 | INFO     | utils.misc.logger:<module>:5 - START LOGGER
2022-10-21 19:28:59.813 | INFO     | utils.misc.logger:<module>:5 - START LOGGER
2022-10-21 19:29:20.147 | INFO     | utils.misc.logger:<module>:5 - START LOGGER
2022-10-21 19:33:31.679 | INFO     | utils.misc.logger:<module>:5 - START LOGGER
2022-10-21 19:47:37.866 | INFO     | utils.misc.logger:<module>:5 - START LOGGER
2022-10-21 20:04:52.535 | INFO     | utils.misc.logger:<module>:5 - START LOGGER
2022-10-21 20:09:58.611 | INFO     | utils.misc.logger:<module>:5 - START LOGGER
2022-10-21 20:12:02.964 | INFO     | utils.misc.logger:<module>:5 - START LOGGER
2022-10-21 20:18:50.689 | INFO     | utils.misc.logger:<module>:5 - START LOGGER
2022-10-21 20:24:48.007 | INFO     | utils.misc.logger:<module>:5 - START LOGGER
2022-10-21 20:26:44.266 | INFO     | utils.misc.logger:<module>:5 - START LOGGER
2022-10-21 20:34:35.129 | INFO     | utils.misc.logger:<module>:5 - START LOGGER
2022-10-21 20:37:43.785 | INFO     | utils.misc.logger:<module>:5 - START LOGGER
2022-10-21 20:39:37.748 | INFO     | utils.misc.logger:<module>:5 - START LOGGER
2022-10-21 21:05:38.336 | INFO     | utils.misc.logger:<module>:5 - START LOGGER
2022-10-21 21:05:59.956 | INFO     | utils.misc.logger:<module>:5 - START LOGGER
2022-10-21 21:08:10.553 | INFO     | utils.misc.logger:<module>:5 - START LOGGER
2022-10-21 21:10:58.664 | INFO     | utils.misc.logger:<module>:5 - START LOGGER
2022-10-21 21:14:28.455 | INFO     | utils.misc.logger:<module>:5 - START LOGGER
2022-10-21 21:16:08.517 | INFO     | utils.misc.logger:<module>:5 - START LOGGER
2022-10-21 21:16:14.782 | INFO     | utils.misc.logger:<module>:5 - START LOGGER
2022-10-21 21:17:11.211 | INFO     | utils.misc.logger:<module>:5 - START LOGGER
2022-10-21 21:18:18.665 | INFO     | utils.misc.logger:<module>:5 - START LOGGER
2022-10-21 21:18:43.393 | INFO     | utils.misc.logger:<module>:5 - START LOGGER
2022-10-21 21:20:00.174 | INFO     | utils.misc.logger:<module>:5 - START LOGGER
2022-10-21 21:20:51.973 | INFO     | utils.misc.logger:<module>:5 - START LOGGER
2022-10-21 21:20:58.155 | INFO     | utils.misc.logger:<module>:5 - START LOGGER
2022-10-21 21:24:05.055 | INFO     | utils.misc.logger:<module>:5 - START LOGGER
2022-10-21 21:25:29.600 | INFO     | utils.misc.logger:<module>:5 - START LOGGER
2022-10-21 21:27:02.810 | INFO     | utils.misc.logger:<module>:5 - START LOGGER
2022-10-21 21:27:54.915 | INFO     | utils.misc.logger:<module>:5 - START LOGGER
2022-10-21 21:28:37.539 | INFO     | utils.misc.logger:<module>:5 - START LOGGER
2022-10-21 21:30:18.020 | INFO     | utils.misc.logger:<module>:5 - START LOGGER
2022-10-21 21:32:08.604 | INFO     | utils.misc.logger:<module>:5 - START LOGGER
2022-10-21 21:32:36.772 | INFO     | utils.misc.logger:<module>:5 - START LOGGER
2022-10-21 21:33:35.855 | INFO     | utils.misc.logger:<module>:5 - START LOGGER
2022-10-21 21:35:06.700 | INFO     | utils.misc.logger:<module>:5 - START LOGGER
2022-10-21 21:36:24.371 | INFO     | utils.misc.logger:<module>:5 - START LOGGER
2022-10-21 21:37:30.700 | INFO     | utils.misc.logger:<module>:5 - START LOGGER
2022-10-21 21:39:11.388 | INFO     | utils.misc.logger:<module>:5 - START LOGGER
2022-10-21 21:40:06.250 | INFO     | utils.misc.logger:<module>:5 - START LOGGER
2022-10-21 21:44:09.123 | INFO     | utils.misc.logger:<module>:5 - START LOGGER
2022-10-21 21:48:42.827 | INFO     | utils.misc.logger:<module>:5 - START LOGGER
2022-10-21 21:52:01.353 | INFO     | utils.misc.logger:<module>:5 - START LOGGER
2022-10-21 21:53:20.233 | INFO     | utils.misc.logger:<module>:5 - START LOGGER
2022-10-21 21:53:32.947 | INFO     | utils.misc.logger:<module>:5 - START LOGGER
2022-10-21 21:53:39.631 | INFO     | utils.misc.logger:<module>:5 - START LOGGER
2022-10-21 21:55:06.832 | INFO     | utils.misc.logger:<module>:5 - START LOGGER
2022-10-21 21:55:57.233 | INFO     | utils.misc.logger:<module>:5 - START LOGGER
2022-10-21 21:56:10.591 | INFO     | utils.misc.logger:<module>:5 - START LOGGER
2022-10-21 21:59:39.114 | INFO     | utils.misc.logger:<module>:5 - START LOGGER
2022-10-21 22:02:25.572 | INFO     | utils.misc.logger:<module>:5 - START LOGGER
2022-10-21 22:02:56.212 | INFO     | utils.misc.logger:<module>:5 - START LOGGER
2022-10-21 22:04:04.788 | INFO     | utils.misc.logger:<module>:5 - START LOGGER
2022-10-21 22:05:18.682 | INFO     | utils.misc.logger:<module>:5 - START LOGGER
2022-10-22 13:27:39.277 | INFO     | utils.misc.logger:<module>:5 - START LOGGER
2022-10-22 13:30:02.412 | INFO     | utils.misc.logger:<module>:5 - START LOGGER
2022-10-22 13:30:44.398 | INFO     | utils.misc.logger:<module>:5 - START LOGGER
2022-10-22 13:32:36.320 | INFO     | utils.misc.logger:<module>:5 - START LOGGER
2022-10-22 13:33:26.182 | INFO     | utils.misc.logger:<module>:5 - START LOGGER
2022-10-22 13:34:04.113 | INFO     | utils.misc.logger:<module>:5 - START LOGGER
2022-10-22 13:37:12.193 | INFO     | utils.misc.logger:<module>:5 - START LOGGER
2022-10-22 13:38:51.710 | INFO     | utils.misc.logger:<module>:5 - START LOGGER
2022-10-22 13:39:30.765 | INFO     | utils.misc.logger:<module>:5 - START LOGGER
2022-10-22 13:40:22.491 | INFO     | utils.misc.logger:<module>:5 - START LOGGER
2022-10-22 13:40:55.723 | INFO     | utils.misc.logger:<module>:5 - START LOGGER
2022-10-22 13:41:56.091 | INFO     | utils.misc.logger:<module>:5 - START LOGGER
2022-10-22 13:42:20.460 | INFO     | utils.misc.logger:<module>:5 - START LOGGER
2022-10-22 13:45:53.598 | INFO     | utils.misc.logger:<module>:5 - START LOGGER
2022-10-22 13:46:44.117 | INFO     | utils.misc.logger:<module>:5 - START LOGGER
2022-10-22 13:48:15.061 | INFO     | utils.misc.logger:<module>:5 - START LOGGER
2022-10-22 13:57:51.326 | INFO     | utils.misc.logger:<module>:5 - START LOGGER
2022-10-22 14:01:39.745 | INFO     | utils.misc.logger:<module>:5 - START LOGGER
2022-10-22 19:45:00.332 | INFO     | utils.misc.logger:<module>:5 - START LOGGER
2022-10-22 19:45:37.678 | INFO     | utils.misc.logger:<module>:5 - START LOGGER
2022-10-22 19:56:07.270 | INFO     | utils.misc.logger:<module>:5 - START LOGGER
2022-10-22 19:57:04.293 | INFO     | utils.misc.logger:<module>:5 - START LOGGER
2022-10-22 19:57:38.724 | INFO     | utils.misc.logger:<module>:5 - START LOGGER
2022-10-22 19:58:00.552 | INFO     | utils.misc.logger:<module>:5 - START LOGGER
2022-10-22 19:58:47.832 | INFO     | utils.misc.logger:<module>:5 - START LOGGER
2022-10-22 19:58:57.251 | INFO     | utils.misc.logger:<module>:5 - START LOGGER
2022-10-22 19:59:38.019 | INFO     | utils.misc.logger:<module>:5 - START LOGGER
2022-10-22 20:00:40.632 | INFO     | utils.misc.logger:<module>:5 - START LOGGER
2022-10-22 20:05:10.110 | INFO     | utils.misc.logger:<module>:5 - START LOGGER
2022-10-22 20:06:50.664 | INFO     | utils.misc.logger:<module>:5 - START LOGGER
2022-10-22 20:07:02.376 | INFO     | utils.misc.logger:<module>:5 - START LOGGER
2022-10-22 20:08:28.067 | INFO     | utils.misc.logger:<module>:5 - START LOGGER
2022-10-22 20:10:40.965 | INFO     | utils.misc.logger:<module>:5 - START LOGGER
2022-10-22 20:11:31.468 | INFO     | utils.misc.logger:<module>:5 - START LOGGER
2022-10-22 20:12:07.893 | INFO     | utils.misc.logger:<module>:5 - START LOGGER
2022-10-22 20:12:32.771 | INFO     | utils.misc.logger:<module>:5 - START LOGGER
2022-10-22 20:13:48.655 | INFO     | utils.misc.logger:<module>:5 - START LOGGER
2022-10-22 20:14:19.310 | INFO     | utils.misc.logger:<module>:5 - START LOGGER
2022-10-22 20:15:40.322 | INFO     | utils.misc.logger:<module>:5 - START LOGGER
2022-10-22 20:17:02.086 | INFO     | utils.misc.logger:<module>:5 - START LOGGER
2022-10-22 20:19:08.061 | INFO     | utils.misc.logger:<module>:5 - START LOGGER
2022-10-22 20:20:18.296 | INFO     | utils.misc.logger:<module>:5 - START LOGGER
2022-10-22 20:23:57.186 | INFO     | utils.misc.logger:<module>:5 - START LOGGER
2022-10-22 20:25:14.453 | INFO     | utils.misc.logger:<module>:5 - START LOGGER
2022-10-22 20:25:31.333 | INFO     | utils.misc.logger:<module>:5 - START LOGGER
2022-10-22 20:27:07.656 | INFO     | utils.misc.logger:<module>:5 - START LOGGER
2022-10-22 20:29:20.771 | INFO     | utils.misc.logger:<module>:5 - START LOGGER
2022-10-22 20:29:53.802 | INFO     | utils.misc.logger:<module>:5 - START LOGGER
2022-10-22 20:31:53.431 | INFO     | utils.misc.logger:<module>:5 - START LOGGER
2022-10-22 20:32:02.856 | INFO     | utils.misc.logger:<module>:5 - START LOGGER
2022-10-22 20:32:14.130 | INFO     | utils.misc.logger:<module>:5 - START LOGGER
2022-10-22 22:35:22.702 | INFO     | utils.misc.logger:<module>:5 - START LOGGER
2022-10-22 22:35:57.930 | INFO     | utils.misc.logger:<module>:5 - START LOGGER
2022-10-22 22:36:19.704 | INFO     | utils.misc.logger:<module>:5 - START LOGGER
2022-10-22 22:36:36.134 | INFO     | utils.misc.logger:<module>:5 - START LOGGER
2022-10-22 22:37:09.179 | INFO     | utils.misc.logger:<module>:5 - START LOGGER
2022-10-22 22:38:22.581 | INFO     | utils.misc.logger:<module>:5 - START LOGGER
2022-10-22 22:38:32.018 | INFO     | utils.misc.logger:<module>:5 - START LOGGER
2022-10-22 22:38:45.910 | INFO     | utils.misc.logger:<module>:5 - START LOGGER
2022-10-22 22:39:18.820 | INFO     | utils.misc.logger:<module>:5 - START LOGGER
2022-10-22 22:39:43.181 | INFO     | utils.misc.logger:<module>:5 - START LOGGER
2022-10-22 22:41:51.379 | INFO     | utils.misc.logger:<module>:5 - START LOGGER
2022-10-22 22:42:16.217 | INFO     | utils.misc.logger:<module>:5 - START LOGGER
2022-10-22 22:43:38.333 | INFO     | utils.misc.logger:<module>:5 - START LOGGER
2022-10-22 22:44:11.833 | INFO     | utils.misc.logger:<module>:5 - START LOGGER
2022-10-22 22:45:33.386 | INFO     | utils.misc.logger:<module>:5 - START LOGGER
2022-10-22 22:46:27.575 | INFO     | utils.misc.logger:<module>:5 - START LOGGER
2022-10-22 22:46:41.991 | INFO     | utils.misc.logger:<module>:5 - START LOGGER
2022-10-23 22:06:17.050 | INFO     | utils.misc.logger:<module>:5 - START LOGGER
2022-10-23 22:13:59.293 | INFO     | utils.misc.logger:<module>:5 - START LOGGER
2022-10-23 22:19:19.708 | INFO     | utils.misc.logger:<module>:5 - START LOGGER
2022-10-23 22:19:56.830 | INFO     | utils.misc.logger:<module>:5 - START LOGGER
2022-10-23 22:20:28.965 | INFO     | utils.misc.logger:<module>:5 - START LOGGER
2022-10-23 22:21:19.500 | INFO     | utils.misc.logger:<module>:5 - START LOGGER
2022-10-23 22:22:05.976 | INFO     | utils.misc.logger:<module>:5 - START LOGGER
2022-10-23 22:24:24.233 | INFO     | utils.misc.logger:<module>:5 - START LOGGER
2022-10-23 22:25:19.864 | INFO     | utils.misc.logger:<module>:5 - START LOGGER
2022-10-23 22:34:36.838 | INFO     | utils.misc.logger:<module>:5 - START LOGGER
2022-10-23 22:35:44.707 | ERROR    | handlers.users.start:message_handler:55 - Error Cabinet: tuple index out of range
2022-10-23 22:35:46.189 | ERROR    | handlers.users.start:message_handler:55 - Error Cabinet: tuple index out of range
2022-10-23 22:35:52.889 | ERROR    | handlers.users.start:message_handler:55 - Error Cabinet: tuple index out of range
2022-10-23 22:37:17.270 | INFO     | utils.misc.logger:<module>:5 - START LOGGER
2022-10-23 22:37:18.262 | ERROR    | handlers.users.start:message_handler:53 - Error Cabinet: 'data'
2022-10-23 22:37:38.191 | INFO     | utils.misc.logger:<module>:5 - START LOGGER
2022-10-23 22:38:47.311 | INFO     | utils.misc.logger:<module>:5 - START LOGGER
2022-10-23 22:38:49.065 | ERROR    | handlers.users.start:message_handler:55 - Error Cabinet: tuple index out of range
2022-10-23 22:39:57.759 | INFO     | utils.misc.logger:<module>:5 - START LOGGER
2022-10-23 22:39:59.044 | ERROR    | handlers.users.start:message_handler:55 - Error Cabinet: tuple index out of range
2022-10-23 22:41:52.961 | INFO     | utils.misc.logger:<module>:5 - START LOGGER
2022-10-23 22:41:54.323 | ERROR    | handlers.users.start:message_handler:55 - Error Cabinet: tuple index out of range
2022-10-23 22:41:54.445 | ERROR    | handlers.users.start:message_handler:69 - Error Cabinet: tuple index out of range
2022-10-23 22:41:56.968 | ERROR    | handlers.users.start:message_handler:55 - Error Cabinet: tuple index out of range
2022-10-23 22:41:57.119 | ERROR    | handlers.users.start:message_handler:69 - Error Cabinet: tuple index out of range
2022-10-23 22:42:10.608 | INFO     | utils.misc.logger:<module>:5 - START LOGGER
2022-10-23 22:42:13.862 | ERROR    | handlers.users.start:message_handler:55 - Error Cabinet: tuple index out of range
2022-10-23 22:42:50.742 | INFO     | utils.misc.logger:<module>:5 - START LOGGER
2022-10-23 22:42:51.727 | ERROR    | handlers.users.start:message_handler:55 - Error Cabinet: tuple index out of range
2022-10-23 22:43:04.516 | INFO     | utils.misc.logger:<module>:5 - START LOGGER
2022-10-23 22:43:05.823 | ERROR    | handlers.users.start:message_handler:55 - Error Cabinet: tuple index out of range
2022-10-23 22:43:34.501 | INFO     | utils.misc.logger:<module>:5 - START LOGGER
2022-10-23 22:43:35.945 | ERROR    | handlers.users.start:message_handler:54 - Error Cabinet: tuple index out of range
2022-10-23 22:43:54.641 | INFO     | utils.misc.logger:<module>:5 - START LOGGER
2022-10-23 22:44:35.766 | INFO     | utils.misc.logger:<module>:5 - START LOGGER
2022-10-23 23:04:14.443 | INFO     | utils.misc.logger:<module>:5 - START LOGGER
2022-10-23 23:04:36.735 | INFO     | utils.misc.logger:<module>:5 - START LOGGER
2022-10-23 23:07:01.785 | INFO     | utils.misc.logger:<module>:5 - START LOGGER
2022-10-24 15:05:01.734 | INFO     | utils.misc.logger:<module>:5 - START LOGGER
2022-10-24 15:05:11.801 | INFO     | utils.misc.logger:<module>:5 - START LOGGER
2022-10-24 15:05:36.527 | INFO     | utils.misc.logger:<module>:5 - START LOGGER
2022-10-24 15:05:49.676 | INFO     | utils.misc.logger:<module>:5 - START LOGGER
2022-10-24 15:06:32.648 | INFO     | utils.misc.logger:<module>:5 - START LOGGER
2022-10-24 15:18:06.319 | INFO     | utils.misc.logger:<module>:5 - START LOGGER
2022-10-24 15:20:22.772 | INFO     | utils.misc.logger:<module>:5 - START LOGGER
2022-10-24 15:20:53.944 | INFO     | utils.misc.logger:<module>:5 - START LOGGER
2022-10-24 15:21:38.963 | INFO     | utils.misc.logger:<module>:5 - START LOGGER
2022-10-24 15:22:21.984 | INFO     | utils.misc.logger:<module>:5 - START LOGGER
2022-10-24 15:22:43.931 | INFO     | utils.misc.logger:<module>:5 - START LOGGER
2022-10-24 15:23:51.565 | INFO     | utils.misc.logger:<module>:5 - START LOGGER
2022-10-24 15:24:09.765 | INFO     | utils.misc.logger:<module>:5 - START LOGGER
2022-10-24 15:25:45.501 | INFO     | utils.misc.logger:<module>:5 - START LOGGER
2022-10-24 15:29:31.100 | INFO     | utils.misc.logger:<module>:5 - START LOGGER
2022-10-24 15:29:54.067 | INFO     | utils.misc.logger:<module>:5 - START LOGGER
2022-10-24 15:31:53.490 | INFO     | utils.misc.logger:<module>:5 - START LOGGER
2022-10-24 15:32:25.512 | INFO     | utils.misc.logger:<module>:5 - START LOGGER
2022-10-24 15:32:57.685 | INFO     | utils.misc.logger:<module>:5 - START LOGGER
2022-10-24 15:33:58.011 | INFO     | utils.misc.logger:<module>:5 - START LOGGER
2022-10-24 15:35:41.835 | INFO     | utils.misc.logger:<module>:5 - START LOGGER
2022-10-24 15:37:50.548 | INFO     | utils.misc.logger:<module>:5 - START LOGGER
2022-10-24 15:38:32.175 | INFO     | utils.misc.logger:<module>:5 - START LOGGER
2022-10-24 15:38:42.560 | INFO     | utils.misc.logger:<module>:5 - START LOGGER
2022-10-24 15:39:32.884 | INFO     | utils.misc.logger:<module>:5 - START LOGGER
2022-10-24 15:39:58.241 | INFO     | utils.misc.logger:<module>:5 - START LOGGER
2022-10-24 15:40:11.697 | INFO     | utils.misc.logger:<module>:5 - START LOGGER
2022-10-24 15:52:23.278 | INFO     | utils.misc.logger:<module>:5 - START LOGGER
2022-10-24 15:54:01.581 | INFO     | utils.misc.logger:<module>:5 - START LOGGER
2022-10-24 15:54:12.558 | INFO     | utils.misc.logger:<module>:5 - START LOGGER
2022-10-24 15:54:24.366 | INFO     | utils.misc.logger:<module>:5 - START LOGGER
2022-10-24 15:56:36.480 | INFO     | utils.misc.logger:<module>:5 - START LOGGER
2022-10-24 15:57:08.436 | INFO     | utils.misc.logger:<module>:5 - START LOGGER
2022-10-24 15:58:09.224 | INFO     | utils.misc.logger:<module>:5 - START LOGGER
2022-10-24 15:58:20.197 | INFO     | utils.misc.logger:<module>:5 - START LOGGER
2022-10-24 15:58:32.214 | INFO     | utils.misc.logger:<module>:5 - START LOGGER
2022-10-24 15:59:13.144 | INFO     | utils.misc.logger:<module>:5 - START LOGGER
2022-10-24 15:59:40.723 | INFO     | utils.misc.logger:<module>:5 - START LOGGER
2022-10-24 15:59:54.616 | INFO     | utils.misc.logger:<module>:5 - START LOGGER
2022-10-24 16:36:50.797 | INFO     | utils.misc.logger:<module>:5 - START LOGGER
2022-10-24 18:04:46.425 | INFO     | utils.misc.logger:<module>:5 - START LOGGER
2022-10-24 18:06:24.494 | INFO     | utils.misc.logger:<module>:5 - START LOGGER
2022-10-24 18:08:00.136 | INFO     | utils.misc.logger:<module>:5 - START LOGGER
2022-10-24 18:09:43.366 | INFO     | utils.misc.logger:<module>:5 - START LOGGER
2022-10-24 18:11:56.560 | INFO     | utils.misc.logger:<module>:5 - START LOGGER
2022-10-24 18:13:17.433 | INFO     | utils.misc.logger:<module>:5 - START LOGGER
2022-10-24 18:14:30.532 | INFO     | utils.misc.logger:<module>:5 - START LOGGER
2022-10-24 18:15:53.637 | INFO     | utils.misc.logger:<module>:5 - START LOGGER
2022-10-24 18:21:38.965 | INFO     | utils.misc.logger:<module>:5 - START LOGGER
2022-10-24 18:28:17.876 | INFO     | utils.misc.logger:<module>:5 - START LOGGER
2022-10-24 18:35:13.220 | INFO     | utils.misc.logger:<module>:5 - START LOGGER
2022-10-24 18:35:42.046 | INFO     | utils.misc.logger:<module>:5 - START LOGGER
2022-10-24 18:35:54.390 | INFO     | utils.misc.logger:<module>:5 - START LOGGER
2022-10-24 18:36:14.865 | INFO     | utils.misc.logger:<module>:5 - START LOGGER
2022-10-24 18:36:56.512 | INFO     | utils.misc.logger:<module>:5 - START LOGGER
2022-10-24 18:37:23.773 | INFO     | utils.misc.logger:<module>:5 - START LOGGER
2022-10-24 18:37:48.653 | INFO     | utils.misc.logger:<module>:5 - START LOGGER
2022-10-24 18:38:00.360 | INFO     | utils.misc.logger:<module>:5 - START LOGGER
2022-10-24 18:38:41.164 | INFO     | utils.misc.logger:<module>:5 - START LOGGER
2022-10-24 18:39:20.268 | INFO     | utils.misc.logger:<module>:5 - START LOGGER
2022-10-24 18:39:35.457 | INFO     | utils.misc.logger:<module>:5 - START LOGGER
2022-10-24 18:41:01.216 | INFO     | utils.misc.logger:<module>:5 - START LOGGER
2022-10-24 18:42:21.384 | INFO     | utils.misc.logger:<module>:5 - START LOGGER
2022-10-24 18:42:41.173 | INFO     | utils.misc.logger:<module>:5 - START LOGGER
2022-10-24 18:43:22.479 | INFO     | utils.misc.logger:<module>:5 - START LOGGER
2022-10-24 18:43:48.522 | INFO     | utils.misc.logger:<module>:5 - START LOGGER
2022-10-24 18:44:50.912 | INFO     | utils.misc.logger:<module>:5 - START LOGGER
2022-10-24 18:45:17.666 | INFO     | utils.misc.logger:<module>:5 - START LOGGER
2022-10-24 18:46:16.613 | INFO     | utils.misc.logger:<module>:5 - START LOGGER
2022-10-24 18:46:28.787 | INFO     | utils.misc.logger:<module>:5 - START LOGGER
2022-10-24 18:49:06.290 | INFO     | utils.misc.logger:<module>:5 - START LOGGER
2022-10-24 18:51:04.838 | INFO     | utils.misc.logger:<module>:5 - START LOGGER
2022-10-24 18:54:07.940 | INFO     | utils.misc.logger:<module>:5 - START LOGGER
2022-10-24 18:54:37.123 | INFO     | utils.misc.logger:<module>:5 - START LOGGER
2022-10-24 18:57:30.582 | INFO     | utils.misc.logger:<module>:5 - START LOGGER
2022-10-24 18:57:44.308 | INFO     | utils.misc.logger:<module>:5 - START LOGGER
2022-10-24 19:01:01.617 | INFO     | utils.misc.logger:<module>:5 - START LOGGER
2022-10-24 19:01:07.356 | INFO     | utils.misc.logger:<module>:5 - START LOGGER
2022-10-24 19:03:04.523 | INFO     | utils.misc.logger:<module>:5 - START LOGGER
2022-10-24 19:08:27.397 | INFO     | utils.misc.logger:<module>:5 - START LOGGER
2022-10-24 19:10:21.949 | INFO     | utils.misc.logger:<module>:5 - START LOGGER
2022-10-24 19:11:32.159 | INFO     | utils.misc.logger:<module>:5 - START LOGGER
2022-10-24 19:11:41.424 | INFO     | utils.misc.logger:<module>:5 - START LOGGER
2022-10-24 19:11:42.541 | ERROR    | handlers.users.start:message_handler:143 - Error Cabinet: tuple index out of range
2022-10-24 19:13:11.872 | INFO     | utils.misc.logger:<module>:5 - START LOGGER
2022-10-24 19:13:13.419 | ERROR    | handlers.users.start:message_handler:143 - Error Cabinet: tuple index out of range
2022-10-24 19:13:49.063 | INFO     | utils.misc.logger:<module>:5 - START LOGGER
2022-10-24 19:13:50.807 | ERROR    | handlers.users.start:message_handler:143 - Error Cabinet: tuple index out of range
2022-10-24 19:14:12.395 | INFO     | utils.misc.logger:<module>:5 - START LOGGER
2022-10-24 19:14:13.358 | ERROR    | handlers.users.start:message_handler:143 - Error Cabinet: tuple index out of range
2022-10-24 19:15:15.383 | INFO     | utils.misc.logger:<module>:5 - START LOGGER
2022-10-24 19:15:16.595 | ERROR    | handlers.users.start:message_handler:143 - Error Cabinet: tuple index out of range
2022-10-24 19:15:41.275 | INFO     | utils.misc.logger:<module>:5 - START LOGGER
2022-10-24 19:15:43.021 | ERROR    | handlers.users.start:message_handler:143 - Error Cabinet: tuple index out of range
2022-10-24 19:17:31.560 | INFO     | utils.misc.logger:<module>:5 - START LOGGER
2022-10-24 19:17:32.830 | ERROR    | handlers.users.start:message_handler:143 - Error Cabinet: tuple index out of range
2022-10-24 19:18:25.505 | INFO     | utils.misc.logger:<module>:5 - START LOGGER
2022-10-24 19:18:27.510 | ERROR    | handlers.users.start:message_handler:143 - Error Cabinet: tuple index out of range
2022-10-24 19:19:26.194 | INFO     | utils.misc.logger:<module>:5 - START LOGGER
2022-10-24 19:19:27.909 | ERROR    | handlers.users.start:message_handler:143 - Error Cabinet: tuple index out of range
2022-10-24 19:20:53.411 | INFO     | utils.misc.logger:<module>:5 - START LOGGER
2022-10-24 19:22:53.762 | INFO     | utils.misc.logger:<module>:5 - START LOGGER
2022-10-24 19:23:35.677 | INFO     | utils.misc.logger:<module>:5 - START LOGGER
2022-10-24 19:24:19.412 | INFO     | utils.misc.logger:<module>:5 - START LOGGER
2022-10-24 19:25:22.401 | INFO     | utils.misc.logger:<module>:5 - START LOGGER
2022-10-24 19:30:37.282 | INFO     | utils.misc.logger:<module>:5 - START LOGGER
2022-10-24 19:31:29.846 | INFO     | utils.misc.logger:<module>:5 - START LOGGER
2022-10-24 19:31:58.478 | INFO     | utils.misc.logger:<module>:5 - START LOGGER
2022-10-24 19:32:37.425 | INFO     | utils.misc.logger:<module>:5 - START LOGGER
2022-10-24 19:33:30.598 | INFO     | utils.misc.logger:<module>:5 - START LOGGER
2022-10-24 19:36:25.145 | INFO     | utils.misc.logger:<module>:5 - START LOGGER
2022-10-24 19:37:42.609 | INFO     | utils.misc.logger:<module>:5 - START LOGGER
2022-10-24 19:45:16.801 | INFO     | utils.misc.logger:<module>:5 - START LOGGER
